<?xml version="1.0" encoding="UTF-8"?>
<testsuite name="ru.netology.qa.SampleTest" tests="1" skipped="0" failures="0" errors="0" timestamp="2024-09-02T09:24:05" hostname="DESKTOP-8JS0QPR" time="2.821">
  <properties/>
  <testcase name="testChangeToNullText()" classname="ru.netology.qa.SampleTest" time="2.821"/>
  <system-out><![CDATA[]]></system-out>
  <system-err><![CDATA[сент. 02, 2024 12:24:05 PM io.appium.java_client.remote.AppiumCommandExecutor$1 lambda$0
INFO: Detected dialect: W3C
]]></system-err>
</testsuite>
